i_cell0-0, 0.14975, 0.00025, i_cell1-8970, 0.14975, -0.00025
i_cell0-30, 0.14925, 0.00025, i_cell1-8940, 0.14925, -0.00025
i_cell0-60, 0.14875, 0.00025, i_cell1-8910, 0.14875, -0.00025
i_cell0-90, 0.14825, 0.00025, i_cell1-8880, 0.14825, -0.00025
i_cell0-120, 0.14775, 0.00025, i_cell1-8850, 0.14775, -0.00025
i_cell0-150, 0.14725, 0.00025, i_cell1-8820, 0.14725, -0.00025
i_cell0-180, 0.14675, 0.00025, i_cell1-8790, 0.14675, -0.00025
i_cell0-210, 0.14625, 0.00025, i_cell1-8760, 0.14625, -0.00025
i_cell0-240, 0.14575, 0.00025, i_cell1-8730, 0.14575, -0.00025
i_cell0-270, 0.14525, 0.00025, i_cell1-8700, 0.14525, -0.00025
i_cell0-300, 0.14475, 0.00025, i_cell1-8670, 0.14475, -0.00025
i_cell0-330, 0.14425, 0.00025, i_cell1-8640, 0.14425, -0.00025
i_cell0-360, 0.14375, 0.00025, i_cell1-8610, 0.14375, -0.00025
i_cell0-390, 0.14325, 0.00025, i_cell1-8580, 0.14325, -0.00025
i_cell0-420, 0.14275, 0.00025, i_cell1-8550, 0.14275, -0.00025
i_cell0-450, 0.14225, 0.00025, i_cell1-8520, 0.14225, -0.00025
i_cell0-480, 0.14175, 0.00025, i_cell1-8490, 0.14175, -0.00025
i_cell0-510, 0.14125, 0.00025, i_cell1-8460, 0.14125, -0.00025
i_cell0-540, 0.14075, 0.00025, i_cell1-8430, 0.14075, -0.00025
i_cell0-570, 0.14025, 0.00025, i_cell1-8400, 0.14025, -0.00025
i_cell0-600, 0.13975, 0.00025, i_cell1-8370, 0.13975, -0.00025
i_cell0-630, 0.13925, 0.00025, i_cell1-8340, 0.13925, -0.00025
i_cell0-660, 0.13875, 0.00025, i_cell1-8310, 0.13875, -0.00025
i_cell0-690, 0.13825, 0.00025, i_cell1-8280, 0.13825, -0.00025
i_cell0-720, 0.13775, 0.00025, i_cell1-8250, 0.13775, -0.00025
i_cell0-750, 0.13725, 0.00025, i_cell1-8220, 0.13725, -0.00025
i_cell0-780, 0.13675, 0.00025, i_cell1-8190, 0.13675, -0.00025
i_cell0-810, 0.13625, 0.00025, i_cell1-8160, 0.13625, -0.00025
i_cell0-840, 0.13575, 0.00025, i_cell1-8130, 0.13575, -0.00025
i_cell0-870, 0.13525, 0.00025, i_cell1-8100, 0.13525, -0.00025
i_cell0-900, 0.13475, 0.00025, i_cell1-8070, 0.13475, -0.00025
i_cell0-930, 0.13425, 0.00025, i_cell1-8040, 0.13425, -0.00025
i_cell0-960, 0.13375, 0.00025, i_cell1-8010, 0.13375, -0.00025
i_cell0-990, 0.13325, 0.00025, i_cell1-7980, 0.13325, -0.00025
i_cell0-1020, 0.13275, 0.00025, i_cell1-7950, 0.13275, -0.00025
i_cell0-1050, 0.13225, 0.00025, i_cell1-7920, 0.13225, -0.00025
i_cell0-1080, 0.13175, 0.00025, i_cell1-7890, 0.13175, -0.00025
i_cell0-1110, 0.13125, 0.00025, i_cell1-7860, 0.13125, -0.00025
i_cell0-1140, 0.13075, 0.00025, i_cell1-7830, 0.13075, -0.00025
i_cell0-1170, 0.13025, 0.00025, i_cell1-7800, 0.13025, -0.00025
i_cell0-1200, 0.12975, 0.00025, i_cell1-7770, 0.12975, -0.00025
i_cell0-1230, 0.12925, 0.00025, i_cell1-7740, 0.12925, -0.00025
i_cell0-1260, 0.12875, 0.00025, i_cell1-7710, 0.12875, -0.00025
i_cell0-1290, 0.12825, 0.00025, i_cell1-7680, 0.12825, -0.00025
i_cell0-1320, 0.12775, 0.00025, i_cell1-7650, 0.12775, -0.00025
i_cell0-1350, 0.12725, 0.00025, i_cell1-7620, 0.12725, -0.00025
i_cell0-1380, 0.12675, 0.00025, i_cell1-7590, 0.12675, -0.00025
i_cell0-1410, 0.12625, 0.00025, i_cell1-7560, 0.12625, -0.00025
i_cell0-1440, 0.12575, 0.00025, i_cell1-7530, 0.12575, -0.00025
i_cell0-1470, 0.12525, 0.00025, i_cell1-7500, 0.12525, -0.00025
i_cell0-1500, 0.12475, 0.00025, i_cell1-7470, 0.12475, -0.00025
i_cell0-1530, 0.12425, 0.00025, i_cell1-7440, 0.12425, -0.00025
i_cell0-1560, 0.12375, 0.00025, i_cell1-7410, 0.12375, -0.00025
i_cell0-1590, 0.12325, 0.00025, i_cell1-7380, 0.12325, -0.00025
i_cell0-1620, 0.12275, 0.00025, i_cell1-7350, 0.12275, -0.00025
i_cell0-1650, 0.12225, 0.00025, i_cell1-7320, 0.12225, -0.00025
i_cell0-1680, 0.12175, 0.00025, i_cell1-7290, 0.12175, -0.00025
i_cell0-1710, 0.12125, 0.00025, i_cell1-7260, 0.12125, -0.00025
i_cell0-1740, 0.12075, 0.00025, i_cell1-7230, 0.12075, -0.00025
i_cell0-1770, 0.12025, 0.00025, i_cell1-7200, 0.12025, -0.00025
i_cell0-1800, 0.11975, 0.00025, i_cell1-7170, 0.11975, -0.00025
i_cell0-1830, 0.11925, 0.00025, i_cell1-7140, 0.11925, -0.00025
i_cell0-1860, 0.11875, 0.00025, i_cell1-7110, 0.11875, -0.00025
i_cell0-1890, 0.11825, 0.00025, i_cell1-7080, 0.11825, -0.00025
i_cell0-1920, 0.11775, 0.00025, i_cell1-7050, 0.11775, -0.00025
i_cell0-1950, 0.11725, 0.00025, i_cell1-7020, 0.11725, -0.00025
i_cell0-1980, 0.11675, 0.00025, i_cell1-6990, 0.11675, -0.00025
i_cell0-2010, 0.11625, 0.00025, i_cell1-6960, 0.11625, -0.00025
i_cell0-2040, 0.11575, 0.00025, i_cell1-6930, 0.11575, -0.00025
i_cell0-2070, 0.11525, 0.00025, i_cell1-6900, 0.11525, -0.00025
i_cell0-2100, 0.11475, 0.00025, i_cell1-6870, 0.11475, -0.00025
i_cell0-2130, 0.11425, 0.00025, i_cell1-6840, 0.11425, -0.00025
i_cell0-2160, 0.11375, 0.00025, i_cell1-6810, 0.11375, -0.00025
i_cell0-2190, 0.11325, 0.00025, i_cell1-6780, 0.11325, -0.00025
i_cell0-2220, 0.11275, 0.00025, i_cell1-6750, 0.11275, -0.00025
i_cell0-2250, 0.11225, 0.00025, i_cell1-6720, 0.11225, -0.00025
i_cell0-2280, 0.11175, 0.00025, i_cell1-6690, 0.11175, -0.00025
i_cell0-2310, 0.11125, 0.00025, i_cell1-6660, 0.11125, -0.00025
i_cell0-2340, 0.11075, 0.00025, i_cell1-6630, 0.11075, -0.00025
i_cell0-2370, 0.11025, 0.00025, i_cell1-6600, 0.11025, -0.00025
i_cell0-2400, 0.10975, 0.00025, i_cell1-6570, 0.10975, -0.00025
i_cell0-2430, 0.10925, 0.00025, i_cell1-6540, 0.10925, -0.00025
i_cell0-2460, 0.10875, 0.00025, i_cell1-6510, 0.10875, -0.00025
i_cell0-2490, 0.10825, 0.00025, i_cell1-6480, 0.10825, -0.00025
i_cell0-2520, 0.10775, 0.00025, i_cell1-6450, 0.10775, -0.00025
i_cell0-2550, 0.10725, 0.00025, i_cell1-6420, 0.10725, -0.00025
i_cell0-2580, 0.10675, 0.00025, i_cell1-6390, 0.10675, -0.00025
i_cell0-2610, 0.10625, 0.00025, i_cell1-6360, 0.10625, -0.00025
i_cell0-2640, 0.10575, 0.00025, i_cell1-6330, 0.10575, -0.00025
i_cell0-2670, 0.10525, 0.00025, i_cell1-6300, 0.10525, -0.00025
i_cell0-2700, 0.10475, 0.00025, i_cell1-6270, 0.10475, -0.00025
i_cell0-2730, 0.10425, 0.00025, i_cell1-6240, 0.10425, -0.00025
i_cell0-2760, 0.10375, 0.00025, i_cell1-6210, 0.10375, -0.00025
i_cell0-2790, 0.10325, 0.00025, i_cell1-6180, 0.10325, -0.00025
i_cell0-2820, 0.10275, 0.00025, i_cell1-6150, 0.10275, -0.00025
i_cell0-2850, 0.10225, 0.00025, i_cell1-6120, 0.10225, -0.00025
i_cell0-2880, 0.10175, 0.00025, i_cell1-6090, 0.10175, -0.00025
i_cell0-2910, 0.10125, 0.00025, i_cell1-6060, 0.10125, -0.00025
i_cell0-2940, 0.10075, 0.00025, i_cell1-6030, 0.10075, -0.00025
i_cell0-2970, 0.10025, 0.00025, i_cell1-6000, 0.10025, -0.00025
i_cell0-3000, 0.09975, 0.00025, i_cell1-5970, 0.09975, -0.00025
i_cell0-3030, 0.09925, 0.00025, i_cell1-5940, 0.09925, -0.00025
i_cell0-3060, 0.09875, 0.00025, i_cell1-5910, 0.09875, -0.00025
i_cell0-3090, 0.09825, 0.00025, i_cell1-5880, 0.09825, -0.00025
i_cell0-3120, 0.09775, 0.00025, i_cell1-5850, 0.09775, -0.00025
i_cell0-3150, 0.09725, 0.00025, i_cell1-5820, 0.09725, -0.00025
i_cell0-3180, 0.09675, 0.00025, i_cell1-5790, 0.09675, -0.00025
i_cell0-3210, 0.09625, 0.00025, i_cell1-5760, 0.09625, -0.00025
i_cell0-3240, 0.09575, 0.00025, i_cell1-5730, 0.09575, -0.00025
i_cell0-3270, 0.09525, 0.00025, i_cell1-5700, 0.09525, -0.00025
i_cell0-3300, 0.09475, 0.00025, i_cell1-5670, 0.09475, -0.00025
i_cell0-3330, 0.09425, 0.00025, i_cell1-5640, 0.09425, -0.00025
i_cell0-3360, 0.09375, 0.00025, i_cell1-5610, 0.09375, -0.00025
i_cell0-3390, 0.09325, 0.00025, i_cell1-5580, 0.09325, -0.00025
i_cell0-3420, 0.09275, 0.00025, i_cell1-5550, 0.09275, -0.00025
i_cell0-3450, 0.09225, 0.00025, i_cell1-5520, 0.09225, -0.00025
i_cell0-3480, 0.09175, 0.00025, i_cell1-5490, 0.09175, -0.00025
i_cell0-3510, 0.09125, 0.00025, i_cell1-5460, 0.09125, -0.00025
i_cell0-3540, 0.09075, 0.00025, i_cell1-5430, 0.09075, -0.00025
i_cell0-3570, 0.09025, 0.00025, i_cell1-5400, 0.09025, -0.00025
i_cell0-3600, 0.08975, 0.00025, i_cell1-5370, 0.08975, -0.00025
i_cell0-3630, 0.08925, 0.00025, i_cell1-5340, 0.08925, -0.00025
i_cell0-3660, 0.08875, 0.00025, i_cell1-5310, 0.08875, -0.00025
i_cell0-3690, 0.08825, 0.00025, i_cell1-5280, 0.08825, -0.00025
i_cell0-3720, 0.08775, 0.00025, i_cell1-5250, 0.08775, -0.00025
i_cell0-3750, 0.08725, 0.00025, i_cell1-5220, 0.08725, -0.00025
i_cell0-3780, 0.08675, 0.00025, i_cell1-5190, 0.08675, -0.00025
i_cell0-3810, 0.08625, 0.00025, i_cell1-5160, 0.08625, -0.00025
i_cell0-3840, 0.08575, 0.00025, i_cell1-5130, 0.08575, -0.00025
i_cell0-3870, 0.08525, 0.00025, i_cell1-5100, 0.08525, -0.00025
i_cell0-3900, 0.08475, 0.00025, i_cell1-5070, 0.08475, -0.00025
i_cell0-3930, 0.08425, 0.00025, i_cell1-5040, 0.08425, -0.00025
i_cell0-3960, 0.08375, 0.00025, i_cell1-5010, 0.08375, -0.00025
i_cell0-3990, 0.08325, 0.00025, i_cell1-4980, 0.08325, -0.00025
i_cell0-4020, 0.08275, 0.00025, i_cell1-4950, 0.08275, -0.00025
i_cell0-4050, 0.08225, 0.00025, i_cell1-4920, 0.08225, -0.00025
i_cell0-4080, 0.08175, 0.00025, i_cell1-4890, 0.08175, -0.00025
i_cell0-4110, 0.08125, 0.00025, i_cell1-4860, 0.08125, -0.00025
i_cell0-4140, 0.08075, 0.00025, i_cell1-4830, 0.08075, -0.00025
i_cell0-4170, 0.08025, 0.00025, i_cell1-4800, 0.08025, -0.00025
i_cell0-4200, 0.07975, 0.00025, i_cell1-4770, 0.07975, -0.00025
i_cell0-4230, 0.07925, 0.00025, i_cell1-4740, 0.07925, -0.00025
i_cell0-4260, 0.07875, 0.00025, i_cell1-4710, 0.07875, -0.00025
i_cell0-4290, 0.07825, 0.00025, i_cell1-4680, 0.07825, -0.00025
i_cell0-4320, 0.07775, 0.00025, i_cell1-4650, 0.07775, -0.00025
i_cell0-4350, 0.07725, 0.00025, i_cell1-4620, 0.07725, -0.00025
i_cell0-4380, 0.07675, 0.00025, i_cell1-4590, 0.07675, -0.00025
i_cell0-4410, 0.07625, 0.00025, i_cell1-4560, 0.07625, -0.00025
i_cell0-4440, 0.07575, 0.00025, i_cell1-4530, 0.07575, -0.00025
i_cell0-4470, 0.07525, 0.00025, i_cell1-4500, 0.07525, -0.00025
i_cell0-4500, 0.07475, 0.00025, i_cell1-4470, 0.07475, -0.00025
i_cell0-4530, 0.07425, 0.00025, i_cell1-4440, 0.07425, -0.00025
i_cell0-4560, 0.07375, 0.00025, i_cell1-4410, 0.07375, -0.00025
i_cell0-4590, 0.07325, 0.00025, i_cell1-4380, 0.07325, -0.00025
i_cell0-4620, 0.07275, 0.00025, i_cell1-4350, 0.07275, -0.00025
i_cell0-4650, 0.07225, 0.00025, i_cell1-4320, 0.07225, -0.00025
i_cell0-4680, 0.07175, 0.00025, i_cell1-4290, 0.07175, -0.00025
i_cell0-4710, 0.07125, 0.00025, i_cell1-4260, 0.07125, -0.00025
i_cell0-4740, 0.07075, 0.00025, i_cell1-4230, 0.07075, -0.00025
i_cell0-4770, 0.07025, 0.00025, i_cell1-4200, 0.07025, -0.00025
i_cell0-4800, 0.06975, 0.00025, i_cell1-4170, 0.06975, -0.00025
i_cell0-4830, 0.06925, 0.00025, i_cell1-4140, 0.06925, -0.00025
i_cell0-4860, 0.06875, 0.00025, i_cell1-4110, 0.06875, -0.00025
i_cell0-4890, 0.06825, 0.00025, i_cell1-4080, 0.06825, -0.00025
i_cell0-4920, 0.06775, 0.00025, i_cell1-4050, 0.06775, -0.00025
i_cell0-4950, 0.06725, 0.00025, i_cell1-4020, 0.06725, -0.00025
i_cell0-4980, 0.06675, 0.00025, i_cell1-3990, 0.06675, -0.00025
i_cell0-5010, 0.06625, 0.00025, i_cell1-3960, 0.06625, -0.00025
i_cell0-5040, 0.06575, 0.00025, i_cell1-3930, 0.06575, -0.00025
i_cell0-5070, 0.06525, 0.00025, i_cell1-3900, 0.06525, -0.00025
i_cell0-5100, 0.06475, 0.00025, i_cell1-3870, 0.06475, -0.00025
i_cell0-5130, 0.06425, 0.00025, i_cell1-3840, 0.06425, -0.00025
i_cell0-5160, 0.06375, 0.00025, i_cell1-3810, 0.06375, -0.00025
i_cell0-5190, 0.06325, 0.00025, i_cell1-3780, 0.06325, -0.00025
i_cell0-5220, 0.06275, 0.00025, i_cell1-3750, 0.06275, -0.00025
i_cell0-5250, 0.06225, 0.00025, i_cell1-3720, 0.06225, -0.00025
i_cell0-5280, 0.06175, 0.00025, i_cell1-3690, 0.06175, -0.00025
i_cell0-5310, 0.06125, 0.00025, i_cell1-3660, 0.06125, -0.00025
i_cell0-5340, 0.06075, 0.00025, i_cell1-3630, 0.06075, -0.00025
i_cell0-5370, 0.06025, 0.00025, i_cell1-3600, 0.06025, -0.00025
i_cell0-5400, 0.05975, 0.00025, i_cell1-3570, 0.05975, -0.00025
i_cell0-5430, 0.05925, 0.00025, i_cell1-3540, 0.05925, -0.00025
i_cell0-5460, 0.05875, 0.00025, i_cell1-3510, 0.05875, -0.00025
i_cell0-5490, 0.05825, 0.00025, i_cell1-3480, 0.05825, -0.00025
i_cell0-5520, 0.05775, 0.00025, i_cell1-3450, 0.05775, -0.00025
i_cell0-5550, 0.05725, 0.00025, i_cell1-3420, 0.05725, -0.00025
i_cell0-5580, 0.05675, 0.00025, i_cell1-3390, 0.05675, -0.00025
i_cell0-5610, 0.05625, 0.00025, i_cell1-3360, 0.05625, -0.00025
i_cell0-5640, 0.05575, 0.00025, i_cell1-3330, 0.05575, -0.00025
i_cell0-5670, 0.05525, 0.00025, i_cell1-3300, 0.05525, -0.00025
i_cell0-5700, 0.05475, 0.00025, i_cell1-3270, 0.05475, -0.00025
i_cell0-5730, 0.05425, 0.00025, i_cell1-3240, 0.05425, -0.00025
i_cell0-5760, 0.05375, 0.00025, i_cell1-3210, 0.05375, -0.00025
i_cell0-5790, 0.05325, 0.00025, i_cell1-3180, 0.05325, -0.00025
i_cell0-5820, 0.05275, 0.00025, i_cell1-3150, 0.05275, -0.00025
i_cell0-5850, 0.05225, 0.00025, i_cell1-3120, 0.05225, -0.00025
i_cell0-5880, 0.05175, 0.00025, i_cell1-3090, 0.05175, -0.00025
i_cell0-5910, 0.05125, 0.00025, i_cell1-3060, 0.05125, -0.00025
i_cell0-5940, 0.05075, 0.00025, i_cell1-3030, 0.05075, -0.00025
i_cell0-5970, 0.05025, 0.00025, i_cell1-3000, 0.05025, -0.00025
i_cell0-6000, 0.04975, 0.00025, i_cell1-2970, 0.04975, -0.00025
i_cell0-6030, 0.04925, 0.00025, i_cell1-2940, 0.04925, -0.00025
i_cell0-6060, 0.04875, 0.00025, i_cell1-2910, 0.04875, -0.00025
i_cell0-6090, 0.04825, 0.00025, i_cell1-2880, 0.04825, -0.00025
i_cell0-6120, 0.04775, 0.00025, i_cell1-2850, 0.04775, -0.00025
i_cell0-6150, 0.04725, 0.00025, i_cell1-2820, 0.04725, -0.00025
i_cell0-6180, 0.04675, 0.00025, i_cell1-2790, 0.04675, -0.00025
i_cell0-6210, 0.04625, 0.00025, i_cell1-2760, 0.04625, -0.00025
i_cell0-6240, 0.04575, 0.00025, i_cell1-2730, 0.04575, -0.00025
i_cell0-6270, 0.04525, 0.00025, i_cell1-2700, 0.04525, -0.00025
i_cell0-6300, 0.04475, 0.00025, i_cell1-2670, 0.04475, -0.00025
i_cell0-6330, 0.04425, 0.00025, i_cell1-2640, 0.04425, -0.00025
i_cell0-6360, 0.04375, 0.00025, i_cell1-2610, 0.04375, -0.00025
i_cell0-6390, 0.04325, 0.00025, i_cell1-2580, 0.04325, -0.00025
i_cell0-6420, 0.04275, 0.00025, i_cell1-2550, 0.04275, -0.00025
i_cell0-6450, 0.04225, 0.00025, i_cell1-2520, 0.04225, -0.00025
i_cell0-6480, 0.04175, 0.00025, i_cell1-2490, 0.04175, -0.00025
i_cell0-6510, 0.04125, 0.00025, i_cell1-2460, 0.04125, -0.00025
i_cell0-6540, 0.04075, 0.00025, i_cell1-2430, 0.04075, -0.00025
i_cell0-6570, 0.04025, 0.00025, i_cell1-2400, 0.04025, -0.00025
i_cell0-6600, 0.03975, 0.00025, i_cell1-2370, 0.03975, -0.00025
i_cell0-6630, 0.03925, 0.00025, i_cell1-2340, 0.03925, -0.00025
i_cell0-6660, 0.03875, 0.00025, i_cell1-2310, 0.03875, -0.00025
i_cell0-6690, 0.03825, 0.00025, i_cell1-2280, 0.03825, -0.00025
i_cell0-6720, 0.03775, 0.00025, i_cell1-2250, 0.03775, -0.00025
i_cell0-6750, 0.03725, 0.00025, i_cell1-2220, 0.03725, -0.00025
i_cell0-6780, 0.03675, 0.00025, i_cell1-2190, 0.03675, -0.00025
i_cell0-6810, 0.03625, 0.00025, i_cell1-2160, 0.03625, -0.00025
i_cell0-6840, 0.03575, 0.00025, i_cell1-2130, 0.03575, -0.00025
i_cell0-6870, 0.03525, 0.00025, i_cell1-2100, 0.03525, -0.00025
i_cell0-6900, 0.03475, 0.00025, i_cell1-2070, 0.03475, -0.00025
i_cell0-6930, 0.03425, 0.00025, i_cell1-2040, 0.03425, -0.00025
i_cell0-6960, 0.03375, 0.00025, i_cell1-2010, 0.03375, -0.00025
i_cell0-6990, 0.03325, 0.00025, i_cell1-1980, 0.03325, -0.00025
i_cell0-7020, 0.03275, 0.00025, i_cell1-1950, 0.03275, -0.00025
i_cell0-7050, 0.03225, 0.00025, i_cell1-1920, 0.03225, -0.00025
i_cell0-7080, 0.03175, 0.00025, i_cell1-1890, 0.03175, -0.00025
i_cell0-7110, 0.03125, 0.00025, i_cell1-1860, 0.03125, -0.00025
i_cell0-7140, 0.03075, 0.00025, i_cell1-1830, 0.03075, -0.00025
i_cell0-7170, 0.03025, 0.00025, i_cell1-1800, 0.03025, -0.00025
i_cell0-7200, 0.02975, 0.00025, i_cell1-1770, 0.02975, -0.00025
i_cell0-7230, 0.02925, 0.00025, i_cell1-1740, 0.02925, -0.00025
i_cell0-7260, 0.02875, 0.00025, i_cell1-1710, 0.02875, -0.00025
i_cell0-7290, 0.02825, 0.00025, i_cell1-1680, 0.02825, -0.00025
i_cell0-7320, 0.02775, 0.00025, i_cell1-1650, 0.02775, -0.00025
i_cell0-7350, 0.02725, 0.00025, i_cell1-1620, 0.02725, -0.00025
i_cell0-7380, 0.02675, 0.00025, i_cell1-1590, 0.02675, -0.00025
i_cell0-7410, 0.02625, 0.00025, i_cell1-1560, 0.02625, -0.00025
i_cell0-7440, 0.02575, 0.00025, i_cell1-1530, 0.02575, -0.00025
i_cell0-7470, 0.02525, 0.00025, i_cell1-1500, 0.02525, -0.00025
i_cell0-7500, 0.02475, 0.00025, i_cell1-1470, 0.02475, -0.00025
i_cell0-7530, 0.02425, 0.00025, i_cell1-1440, 0.02425, -0.00025
i_cell0-7560, 0.02375, 0.00025, i_cell1-1410, 0.02375, -0.00025
i_cell0-7590, 0.02325, 0.00025, i_cell1-1380, 0.02325, -0.00025
i_cell0-7620, 0.02275, 0.00025, i_cell1-1350, 0.02275, -0.00025
i_cell0-7650, 0.02225, 0.00025, i_cell1-1320, 0.02225, -0.00025
i_cell0-7680, 0.02175, 0.00025, i_cell1-1290, 0.02175, -0.00025
i_cell0-7710, 0.02125, 0.00025, i_cell1-1260, 0.02125, -0.00025
i_cell0-7740, 0.02075, 0.00025, i_cell1-1230, 0.02075, -0.00025
i_cell0-7770, 0.02025, 0.00025, i_cell1-1200, 0.02025, -0.00025
i_cell0-7800, 0.01975, 0.00025, i_cell1-1170, 0.01975, -0.00025
i_cell0-7830, 0.01925, 0.00025, i_cell1-1140, 0.01925, -0.00025
i_cell0-7860, 0.01875, 0.00025, i_cell1-1110, 0.01875, -0.00025
i_cell0-7890, 0.01825, 0.00025, i_cell1-1080, 0.01825, -0.00025
i_cell0-7920, 0.01775, 0.00025, i_cell1-1050, 0.01775, -0.00025
i_cell0-7950, 0.01725, 0.00025, i_cell1-1020, 0.01725, -0.00025
i_cell0-7980, 0.01675, 0.00025, i_cell1-990, 0.01675, -0.00025
i_cell0-8010, 0.01625, 0.00025, i_cell1-960, 0.01625, -0.00025
i_cell0-8040, 0.01575, 0.00025, i_cell1-930, 0.01575, -0.00025
i_cell0-8070, 0.01525, 0.00025, i_cell1-900, 0.01525, -0.00025
i_cell0-8100, 0.01475, 0.00025, i_cell1-870, 0.01475, -0.00025
i_cell0-8130, 0.01425, 0.00025, i_cell1-840, 0.01425, -0.00025
i_cell0-8160, 0.01375, 0.00025, i_cell1-810, 0.01375, -0.00025
i_cell0-8190, 0.01325, 0.00025, i_cell1-780, 0.01325, -0.00025
i_cell0-8220, 0.01275, 0.00025, i_cell1-750, 0.01275, -0.00025
i_cell0-8250, 0.01225, 0.00025, i_cell1-720, 0.01225, -0.00025
i_cell0-8280, 0.01175, 0.00025, i_cell1-690, 0.01175, -0.00025
i_cell0-8310, 0.01125, 0.00025, i_cell1-660, 0.01125, -0.00025
i_cell0-8340, 0.01075, 0.00025, i_cell1-630, 0.01075, -0.00025
i_cell0-8370, 0.01025, 0.00025, i_cell1-600, 0.01025, -0.00025
i_cell0-8400, 0.00975, 0.00025, i_cell1-570, 0.00975, -0.00025
i_cell0-8430, 0.00925, 0.00025, i_cell1-540, 0.00925, -0.00025
i_cell0-8460, 0.00875, 0.00025, i_cell1-510, 0.00875, -0.00025
i_cell0-8490, 0.00825, 0.00025, i_cell1-480, 0.00825, -0.00025
i_cell0-8520, 0.00775, 0.00025, i_cell1-450, 0.00775, -0.00025
i_cell0-8550, 0.00725, 0.00025, i_cell1-420, 0.00725, -0.00025
i_cell0-8580, 0.00675, 0.00025, i_cell1-390, 0.00675, -0.00025
i_cell0-8610, 0.00625, 0.00025, i_cell1-360, 0.00625, -0.00025
i_cell0-8640, 0.00575, 0.00025, i_cell1-330, 0.00575, -0.00025
i_cell0-8670, 0.00525, 0.00025, i_cell1-300, 0.00525, -0.00025
i_cell0-8700, 0.00475, 0.00025, i_cell1-270, 0.00475, -0.00025
i_cell0-8730, 0.00425, 0.00025, i_cell1-240, 0.00425, -0.00025
i_cell0-8760, 0.00375, 0.00025, i_cell1-210, 0.00375, -0.00025
i_cell0-8790, 0.00325, 0.00025, i_cell1-180, 0.00325, -0.00025
i_cell0-8820, 0.00275, 0.00025, i_cell1-150, 0.00275, -0.00025
i_cell0-8850, 0.00225, 0.00025, i_cell1-120, 0.00225, -0.00025
i_cell0-8880, 0.00175, 0.00025, i_cell1-90, 0.00175, -0.00025
i_cell0-8910, 0.00125, 0.00025, i_cell1-60, 0.00125, -0.00025
i_cell0-8940, 0.00075, 0.00025, i_cell1-30, 0.00075, -0.00025
i_cell0-8970, 0.00025, 0.00025, i_cell1-0, 0.00025, -0.00025
i_cell0-0, 0.14975, 0.00025, i_cell1-8970, 0.14975, -0.00025
i_cell0-30, 0.14925, 0.00025, i_cell1-8940, 0.14925, -0.00025
i_cell0-60, 0.14875, 0.00025, i_cell1-8910, 0.14875, -0.00025
i_cell0-90, 0.14825, 0.00025, i_cell1-8880, 0.14825, -0.00025
i_cell0-120, 0.14775, 0.00025, i_cell1-8850, 0.14775, -0.00025
i_cell0-150, 0.14725, 0.00025, i_cell1-8820, 0.14725, -0.00025
i_cell0-180, 0.14675, 0.00025, i_cell1-8790, 0.14675, -0.00025
i_cell0-210, 0.14625, 0.00025, i_cell1-8760, 0.14625, -0.00025
i_cell0-240, 0.14575, 0.00025, i_cell1-8730, 0.14575, -0.00025
i_cell0-270, 0.14525, 0.00025, i_cell1-8700, 0.14525, -0.00025
i_cell0-300, 0.14475, 0.00025, i_cell1-8670, 0.14475, -0.00025
i_cell0-330, 0.14425, 0.00025, i_cell1-8640, 0.14425, -0.00025
i_cell0-360, 0.14375, 0.00025, i_cell1-8610, 0.14375, -0.00025
i_cell0-390, 0.14325, 0.00025, i_cell1-8580, 0.14325, -0.00025
i_cell0-420, 0.14275, 0.00025, i_cell1-8550, 0.14275, -0.00025
i_cell0-450, 0.14225, 0.00025, i_cell1-8520, 0.14225, -0.00025
i_cell0-480, 0.14175, 0.00025, i_cell1-8490, 0.14175, -0.00025
i_cell0-510, 0.14125, 0.00025, i_cell1-8460, 0.14125, -0.00025
i_cell0-540, 0.14075, 0.00025, i_cell1-8430, 0.14075, -0.00025
i_cell0-570, 0.14025, 0.00025, i_cell1-8400, 0.14025, -0.00025
i_cell0-600, 0.13975, 0.00025, i_cell1-8370, 0.13975, -0.00025
i_cell0-630, 0.13925, 0.00025, i_cell1-8340, 0.13925, -0.00025
i_cell0-660, 0.13875, 0.00025, i_cell1-8310, 0.13875, -0.00025
i_cell0-690, 0.13825, 0.00025, i_cell1-8280, 0.13825, -0.00025
i_cell0-720, 0.13775, 0.00025, i_cell1-8250, 0.13775, -0.00025
i_cell0-750, 0.13725, 0.00025, i_cell1-8220, 0.13725, -0.00025
i_cell0-780, 0.13675, 0.00025, i_cell1-8190, 0.13675, -0.00025
i_cell0-810, 0.13625, 0.00025, i_cell1-8160, 0.13625, -0.00025
i_cell0-840, 0.13575, 0.00025, i_cell1-8130, 0.13575, -0.00025
i_cell0-870, 0.13525, 0.00025, i_cell1-8100, 0.13525, -0.00025
i_cell0-900, 0.13475, 0.00025, i_cell1-8070, 0.13475, -0.00025
i_cell0-930, 0.13425, 0.00025, i_cell1-8040, 0.13425, -0.00025
i_cell0-960, 0.13375, 0.00025, i_cell1-8010, 0.13375, -0.00025
i_cell0-990, 0.13325, 0.00025, i_cell1-7980, 0.13325, -0.00025
i_cell0-1020, 0.13275, 0.00025, i_cell1-7950, 0.13275, -0.00025
i_cell0-1050, 0.13225, 0.00025, i_cell1-7920, 0.13225, -0.00025
i_cell0-1080, 0.13175, 0.00025, i_cell1-7890, 0.13175, -0.00025
i_cell0-1110, 0.13125, 0.00025, i_cell1-7860, 0.13125, -0.00025
i_cell0-1140, 0.13075, 0.00025, i_cell1-7830, 0.13075, -0.00025
i_cell0-1170, 0.13025, 0.00025, i_cell1-7800, 0.13025, -0.00025
i_cell0-1200, 0.12975, 0.00025, i_cell1-7770, 0.12975, -0.00025
i_cell0-1230, 0.12925, 0.00025, i_cell1-7740, 0.12925, -0.00025
i_cell0-1260, 0.12875, 0.00025, i_cell1-7710, 0.12875, -0.00025
i_cell0-1290, 0.12825, 0.00025, i_cell1-7680, 0.12825, -0.00025
i_cell0-1320, 0.12775, 0.00025, i_cell1-7650, 0.12775, -0.00025
i_cell0-1350, 0.12725, 0.00025, i_cell1-7620, 0.12725, -0.00025
i_cell0-1380, 0.12675, 0.00025, i_cell1-7590, 0.12675, -0.00025
i_cell0-1410, 0.12625, 0.00025, i_cell1-7560, 0.12625, -0.00025
i_cell0-1440, 0.12575, 0.00025, i_cell1-7530, 0.12575, -0.00025
i_cell0-1470, 0.12525, 0.00025, i_cell1-7500, 0.12525, -0.00025
i_cell0-1500, 0.12475, 0.00025, i_cell1-7470, 0.12475, -0.00025
i_cell0-1530, 0.12425, 0.00025, i_cell1-7440, 0.12425, -0.00025
i_cell0-1560, 0.12375, 0.00025, i_cell1-7410, 0.12375, -0.00025
i_cell0-1590, 0.12325, 0.00025, i_cell1-7380, 0.12325, -0.00025
i_cell0-1620, 0.12275, 0.00025, i_cell1-7350, 0.12275, -0.00025
i_cell0-1650, 0.12225, 0.00025, i_cell1-7320, 0.12225, -0.00025
i_cell0-1680, 0.12175, 0.00025, i_cell1-7290, 0.12175, -0.00025
i_cell0-1710, 0.12125, 0.00025, i_cell1-7260, 0.12125, -0.00025
i_cell0-1740, 0.12075, 0.00025, i_cell1-7230, 0.12075, -0.00025
i_cell0-1770, 0.12025, 0.00025, i_cell1-7200, 0.12025, -0.00025
i_cell0-1800, 0.11975, 0.00025, i_cell1-7170, 0.11975, -0.00025
i_cell0-1830, 0.11925, 0.00025, i_cell1-7140, 0.11925, -0.00025
i_cell0-1860, 0.11875, 0.00025, i_cell1-7110, 0.11875, -0.00025
i_cell0-1890, 0.11825, 0.00025, i_cell1-7080, 0.11825, -0.00025
i_cell0-1920, 0.11775, 0.00025, i_cell1-7050, 0.11775, -0.00025
i_cell0-1950, 0.11725, 0.00025, i_cell1-7020, 0.11725, -0.00025
i_cell0-1980, 0.11675, 0.00025, i_cell1-6990, 0.11675, -0.00025
i_cell0-2010, 0.11625, 0.00025, i_cell1-6960, 0.11625, -0.00025
i_cell0-2040, 0.11575, 0.00025, i_cell1-6930, 0.11575, -0.00025
i_cell0-2070, 0.11525, 0.00025, i_cell1-6900, 0.11525, -0.00025
i_cell0-2100, 0.11475, 0.00025, i_cell1-6870, 0.11475, -0.00025
i_cell0-2130, 0.11425, 0.00025, i_cell1-6840, 0.11425, -0.00025
i_cell0-2160, 0.11375, 0.00025, i_cell1-6810, 0.11375, -0.00025
i_cell0-2190, 0.11325, 0.00025, i_cell1-6780, 0.11325, -0.00025
i_cell0-2220, 0.11275, 0.00025, i_cell1-6750, 0.11275, -0.00025
i_cell0-2250, 0.11225, 0.00025, i_cell1-6720, 0.11225, -0.00025
i_cell0-2280, 0.11175, 0.00025, i_cell1-6690, 0.11175, -0.00025
i_cell0-2310, 0.11125, 0.00025, i_cell1-6660, 0.11125, -0.00025
i_cell0-2340, 0.11075, 0.00025, i_cell1-6630, 0.11075, -0.00025
i_cell0-2370, 0.11025, 0.00025, i_cell1-6600, 0.11025, -0.00025
i_cell0-2400, 0.10975, 0.00025, i_cell1-6570, 0.10975, -0.00025
i_cell0-2430, 0.10925, 0.00025, i_cell1-6540, 0.10925, -0.00025
i_cell0-2460, 0.10875, 0.00025, i_cell1-6510, 0.10875, -0.00025
i_cell0-2490, 0.10825, 0.00025, i_cell1-6480, 0.10825, -0.00025
i_cell0-2520, 0.10775, 0.00025, i_cell1-6450, 0.10775, -0.00025
i_cell0-2550, 0.10725, 0.00025, i_cell1-6420, 0.10725, -0.00025
i_cell0-2580, 0.10675, 0.00025, i_cell1-6390, 0.10675, -0.00025
i_cell0-2610, 0.10625, 0.00025, i_cell1-6360, 0.10625, -0.00025
i_cell0-2640, 0.10575, 0.00025, i_cell1-6330, 0.10575, -0.00025
i_cell0-2670, 0.10525, 0.00025, i_cell1-6300, 0.10525, -0.00025
i_cell0-2700, 0.10475, 0.00025, i_cell1-6270, 0.10475, -0.00025
i_cell0-2730, 0.10425, 0.00025, i_cell1-6240, 0.10425, -0.00025
i_cell0-2760, 0.10375, 0.00025, i_cell1-6210, 0.10375, -0.00025
i_cell0-2790, 0.10325, 0.00025, i_cell1-6180, 0.10325, -0.00025
i_cell0-2820, 0.10275, 0.00025, i_cell1-6150, 0.10275, -0.00025
i_cell0-2850, 0.10225, 0.00025, i_cell1-6120, 0.10225, -0.00025
i_cell0-2880, 0.10175, 0.00025, i_cell1-6090, 0.10175, -0.00025
i_cell0-2910, 0.10125, 0.00025, i_cell1-6060, 0.10125, -0.00025
i_cell0-2940, 0.10075, 0.00025, i_cell1-6030, 0.10075, -0.00025
i_cell0-2970, 0.10025, 0.00025, i_cell1-6000, 0.10025, -0.00025
i_cell0-3000, 0.09975, 0.00025, i_cell1-5970, 0.09975, -0.00025
i_cell0-3030, 0.09925, 0.00025, i_cell1-5940, 0.09925, -0.00025
i_cell0-3060, 0.09875, 0.00025, i_cell1-5910, 0.09875, -0.00025
i_cell0-3090, 0.09825, 0.00025, i_cell1-5880, 0.09825, -0.00025
i_cell0-3120, 0.09775, 0.00025, i_cell1-5850, 0.09775, -0.00025
i_cell0-3150, 0.09725, 0.00025, i_cell1-5820, 0.09725, -0.00025
i_cell0-3180, 0.09675, 0.00025, i_cell1-5790, 0.09675, -0.00025
i_cell0-3210, 0.09625, 0.00025, i_cell1-5760, 0.09625, -0.00025
i_cell0-3240, 0.09575, 0.00025, i_cell1-5730, 0.09575, -0.00025
i_cell0-3270, 0.09525, 0.00025, i_cell1-5700, 0.09525, -0.00025
i_cell0-3300, 0.09475, 0.00025, i_cell1-5670, 0.09475, -0.00025
i_cell0-3330, 0.09425, 0.00025, i_cell1-5640, 0.09425, -0.00025
i_cell0-3360, 0.09375, 0.00025, i_cell1-5610, 0.09375, -0.00025
i_cell0-3390, 0.09325, 0.00025, i_cell1-5580, 0.09325, -0.00025
i_cell0-3420, 0.09275, 0.00025, i_cell1-5550, 0.09275, -0.00025
i_cell0-3450, 0.09225, 0.00025, i_cell1-5520, 0.09225, -0.00025
i_cell0-3480, 0.09175, 0.00025, i_cell1-5490, 0.09175, -0.00025
i_cell0-3510, 0.09125, 0.00025, i_cell1-5460, 0.09125, -0.00025
i_cell0-3540, 0.09075, 0.00025, i_cell1-5430, 0.09075, -0.00025
i_cell0-3570, 0.09025, 0.00025, i_cell1-5400, 0.09025, -0.00025
i_cell0-3600, 0.08975, 0.00025, i_cell1-5370, 0.08975, -0.00025
i_cell0-3630, 0.08925, 0.00025, i_cell1-5340, 0.08925, -0.00025
i_cell0-3660, 0.08875, 0.00025, i_cell1-5310, 0.08875, -0.00025
i_cell0-3690, 0.08825, 0.00025, i_cell1-5280, 0.08825, -0.00025
i_cell0-3720, 0.08775, 0.00025, i_cell1-5250, 0.08775, -0.00025
i_cell0-3750, 0.08725, 0.00025, i_cell1-5220, 0.08725, -0.00025
i_cell0-3780, 0.08675, 0.00025, i_cell1-5190, 0.08675, -0.00025
i_cell0-3810, 0.08625, 0.00025, i_cell1-5160, 0.08625, -0.00025
i_cell0-3840, 0.08575, 0.00025, i_cell1-5130, 0.08575, -0.00025
i_cell0-3870, 0.08525, 0.00025, i_cell1-5100, 0.08525, -0.00025
i_cell0-3900, 0.08475, 0.00025, i_cell1-5070, 0.08475, -0.00025
i_cell0-3930, 0.08425, 0.00025, i_cell1-5040, 0.08425, -0.00025
i_cell0-3960, 0.08375, 0.00025, i_cell1-5010, 0.08375, -0.00025
i_cell0-3990, 0.08325, 0.00025, i_cell1-4980, 0.08325, -0.00025
i_cell0-4020, 0.08275, 0.00025, i_cell1-4950, 0.08275, -0.00025
i_cell0-4050, 0.08225, 0.00025, i_cell1-4920, 0.08225, -0.00025
i_cell0-4080, 0.08175, 0.00025, i_cell1-4890, 0.08175, -0.00025
i_cell0-4110, 0.08125, 0.00025, i_cell1-4860, 0.08125, -0.00025
i_cell0-4140, 0.08075, 0.00025, i_cell1-4830, 0.08075, -0.00025
i_cell0-4170, 0.08025, 0.00025, i_cell1-4800, 0.08025, -0.00025
i_cell0-4200, 0.07975, 0.00025, i_cell1-4770, 0.07975, -0.00025
i_cell0-4230, 0.07925, 0.00025, i_cell1-4740, 0.07925, -0.00025
i_cell0-4260, 0.07875, 0.00025, i_cell1-4710, 0.07875, -0.00025
i_cell0-4290, 0.07825, 0.00025, i_cell1-4680, 0.07825, -0.00025
i_cell0-4320, 0.07775, 0.00025, i_cell1-4650, 0.07775, -0.00025
i_cell0-4350, 0.07725, 0.00025, i_cell1-4620, 0.07725, -0.00025
i_cell0-4380, 0.07675, 0.00025, i_cell1-4590, 0.07675, -0.00025
i_cell0-4410, 0.07625, 0.00025, i_cell1-4560, 0.07625, -0.00025
i_cell0-4440, 0.07575, 0.00025, i_cell1-4530, 0.07575, -0.00025
i_cell0-4470, 0.07525, 0.00025, i_cell1-4500, 0.07525, -0.00025
i_cell0-4500, 0.07475, 0.00025, i_cell1-4470, 0.07475, -0.00025
i_cell0-4530, 0.07425, 0.00025, i_cell1-4440, 0.07425, -0.00025
i_cell0-4560, 0.07375, 0.00025, i_cell1-4410, 0.07375, -0.00025
i_cell0-4590, 0.07325, 0.00025, i_cell1-4380, 0.07325, -0.00025
i_cell0-4620, 0.07275, 0.00025, i_cell1-4350, 0.07275, -0.00025
i_cell0-4650, 0.07225, 0.00025, i_cell1-4320, 0.07225, -0.00025
i_cell0-4680, 0.07175, 0.00025, i_cell1-4290, 0.07175, -0.00025
i_cell0-4710, 0.07125, 0.00025, i_cell1-4260, 0.07125, -0.00025
i_cell0-4740, 0.07075, 0.00025, i_cell1-4230, 0.07075, -0.00025
i_cell0-4770, 0.07025, 0.00025, i_cell1-4200, 0.07025, -0.00025
i_cell0-4800, 0.06975, 0.00025, i_cell1-4170, 0.06975, -0.00025
i_cell0-4830, 0.06925, 0.00025, i_cell1-4140, 0.06925, -0.00025
i_cell0-4860, 0.06875, 0.00025, i_cell1-4110, 0.06875, -0.00025
i_cell0-4890, 0.06825, 0.00025, i_cell1-4080, 0.06825, -0.00025
i_cell0-4920, 0.06775, 0.00025, i_cell1-4050, 0.06775, -0.00025
i_cell0-4950, 0.06725, 0.00025, i_cell1-4020, 0.06725, -0.00025
i_cell0-4980, 0.06675, 0.00025, i_cell1-3990, 0.06675, -0.00025
i_cell0-5010, 0.06625, 0.00025, i_cell1-3960, 0.06625, -0.00025
i_cell0-5040, 0.06575, 0.00025, i_cell1-3930, 0.06575, -0.00025
i_cell0-5070, 0.06525, 0.00025, i_cell1-3900, 0.06525, -0.00025
i_cell0-5100, 0.06475, 0.00025, i_cell1-3870, 0.06475, -0.00025
i_cell0-5130, 0.06425, 0.00025, i_cell1-3840, 0.06425, -0.00025
i_cell0-5160, 0.06375, 0.00025, i_cell1-3810, 0.06375, -0.00025
i_cell0-5190, 0.06325, 0.00025, i_cell1-3780, 0.06325, -0.00025
i_cell0-5220, 0.06275, 0.00025, i_cell1-3750, 0.06275, -0.00025
i_cell0-5250, 0.06225, 0.00025, i_cell1-3720, 0.06225, -0.00025
i_cell0-5280, 0.06175, 0.00025, i_cell1-3690, 0.06175, -0.00025
i_cell0-5310, 0.06125, 0.00025, i_cell1-3660, 0.06125, -0.00025
i_cell0-5340, 0.06075, 0.00025, i_cell1-3630, 0.06075, -0.00025
i_cell0-5370, 0.06025, 0.00025, i_cell1-3600, 0.06025, -0.00025
i_cell0-5400, 0.05975, 0.00025, i_cell1-3570, 0.05975, -0.00025
i_cell0-5430, 0.05925, 0.00025, i_cell1-3540, 0.05925, -0.00025
i_cell0-5460, 0.05875, 0.00025, i_cell1-3510, 0.05875, -0.00025
i_cell0-5490, 0.05825, 0.00025, i_cell1-3480, 0.05825, -0.00025
i_cell0-5520, 0.05775, 0.00025, i_cell1-3450, 0.05775, -0.00025
i_cell0-5550, 0.05725, 0.00025, i_cell1-3420, 0.05725, -0.00025
i_cell0-5580, 0.05675, 0.00025, i_cell1-3390, 0.05675, -0.00025
i_cell0-5610, 0.05625, 0.00025, i_cell1-3360, 0.05625, -0.00025
i_cell0-5640, 0.05575, 0.00025, i_cell1-3330, 0.05575, -0.00025
i_cell0-5670, 0.05525, 0.00025, i_cell1-3300, 0.05525, -0.00025
i_cell0-5700, 0.05475, 0.00025, i_cell1-3270, 0.05475, -0.00025
i_cell0-5730, 0.05425, 0.00025, i_cell1-3240, 0.05425, -0.00025
i_cell0-5760, 0.05375, 0.00025, i_cell1-3210, 0.05375, -0.00025
i_cell0-5790, 0.05325, 0.00025, i_cell1-3180, 0.05325, -0.00025
i_cell0-5820, 0.05275, 0.00025, i_cell1-3150, 0.05275, -0.00025
i_cell0-5850, 0.05225, 0.00025, i_cell1-3120, 0.05225, -0.00025
i_cell0-5880, 0.05175, 0.00025, i_cell1-3090, 0.05175, -0.00025
i_cell0-5910, 0.05125, 0.00025, i_cell1-3060, 0.05125, -0.00025
i_cell0-5940, 0.05075, 0.00025, i_cell1-3030, 0.05075, -0.00025
i_cell0-5970, 0.05025, 0.00025, i_cell1-3000, 0.05025, -0.00025
i_cell0-6000, 0.04975, 0.00025, i_cell1-2970, 0.04975, -0.00025
i_cell0-6030, 0.04925, 0.00025, i_cell1-2940, 0.04925, -0.00025
i_cell0-6060, 0.04875, 0.00025, i_cell1-2910, 0.04875, -0.00025
i_cell0-6090, 0.04825, 0.00025, i_cell1-2880, 0.04825, -0.00025
i_cell0-6120, 0.04775, 0.00025, i_cell1-2850, 0.04775, -0.00025
i_cell0-6150, 0.04725, 0.00025, i_cell1-2820, 0.04725, -0.00025
i_cell0-6180, 0.04675, 0.00025, i_cell1-2790, 0.04675, -0.00025
i_cell0-6210, 0.04625, 0.00025, i_cell1-2760, 0.04625, -0.00025
i_cell0-6240, 0.04575, 0.00025, i_cell1-2730, 0.04575, -0.00025
i_cell0-6270, 0.04525, 0.00025, i_cell1-2700, 0.04525, -0.00025
i_cell0-6300, 0.04475, 0.00025, i_cell1-2670, 0.04475, -0.00025
i_cell0-6330, 0.04425, 0.00025, i_cell1-2640, 0.04425, -0.00025
i_cell0-6360, 0.04375, 0.00025, i_cell1-2610, 0.04375, -0.00025
i_cell0-6390, 0.04325, 0.00025, i_cell1-2580, 0.04325, -0.00025
i_cell0-6420, 0.04275, 0.00025, i_cell1-2550, 0.04275, -0.00025
i_cell0-6450, 0.04225, 0.00025, i_cell1-2520, 0.04225, -0.00025
i_cell0-6480, 0.04175, 0.00025, i_cell1-2490, 0.04175, -0.00025
i_cell0-6510, 0.04125, 0.00025, i_cell1-2460, 0.04125, -0.00025
i_cell0-6540, 0.04075, 0.00025, i_cell1-2430, 0.04075, -0.00025
i_cell0-6570, 0.04025, 0.00025, i_cell1-2400, 0.04025, -0.00025
i_cell0-6600, 0.03975, 0.00025, i_cell1-2370, 0.03975, -0.00025
i_cell0-6630, 0.03925, 0.00025, i_cell1-2340, 0.03925, -0.00025
i_cell0-6660, 0.03875, 0.00025, i_cell1-2310, 0.03875, -0.00025
i_cell0-6690, 0.03825, 0.00025, i_cell1-2280, 0.03825, -0.00025
i_cell0-6720, 0.03775, 0.00025, i_cell1-2250, 0.03775, -0.00025
i_cell0-6750, 0.03725, 0.00025, i_cell1-2220, 0.03725, -0.00025
i_cell0-6780, 0.03675, 0.00025, i_cell1-2190, 0.03675, -0.00025
i_cell0-6810, 0.03625, 0.00025, i_cell1-2160, 0.03625, -0.00025
i_cell0-6840, 0.03575, 0.00025, i_cell1-2130, 0.03575, -0.00025
i_cell0-6870, 0.03525, 0.00025, i_cell1-2100, 0.03525, -0.00025
i_cell0-6900, 0.03475, 0.00025, i_cell1-2070, 0.03475, -0.00025
i_cell0-6930, 0.03425, 0.00025, i_cell1-2040, 0.03425, -0.00025
i_cell0-6960, 0.03375, 0.00025, i_cell1-2010, 0.03375, -0.00025
i_cell0-6990, 0.03325, 0.00025, i_cell1-1980, 0.03325, -0.00025
i_cell0-7020, 0.03275, 0.00025, i_cell1-1950, 0.03275, -0.00025
i_cell0-7050, 0.03225, 0.00025, i_cell1-1920, 0.03225, -0.00025
i_cell0-7080, 0.03175, 0.00025, i_cell1-1890, 0.03175, -0.00025
i_cell0-7110, 0.03125, 0.00025, i_cell1-1860, 0.03125, -0.00025
i_cell0-7140, 0.03075, 0.00025, i_cell1-1830, 0.03075, -0.00025
i_cell0-7170, 0.03025, 0.00025, i_cell1-1800, 0.03025, -0.00025
i_cell0-7200, 0.02975, 0.00025, i_cell1-1770, 0.02975, -0.00025
i_cell0-7230, 0.02925, 0.00025, i_cell1-1740, 0.02925, -0.00025
i_cell0-7260, 0.02875, 0.00025, i_cell1-1710, 0.02875, -0.00025
i_cell0-7290, 0.02825, 0.00025, i_cell1-1680, 0.02825, -0.00025
i_cell0-7320, 0.02775, 0.00025, i_cell1-1650, 0.02775, -0.00025
i_cell0-7350, 0.02725, 0.00025, i_cell1-1620, 0.02725, -0.00025
i_cell0-7380, 0.02675, 0.00025, i_cell1-1590, 0.02675, -0.00025
i_cell0-7410, 0.02625, 0.00025, i_cell1-1560, 0.02625, -0.00025
i_cell0-7440, 0.02575, 0.00025, i_cell1-1530, 0.02575, -0.00025
i_cell0-7470, 0.02525, 0.00025, i_cell1-1500, 0.02525, -0.00025
i_cell0-7500, 0.02475, 0.00025, i_cell1-1470, 0.02475, -0.00025
i_cell0-7530, 0.02425, 0.00025, i_cell1-1440, 0.02425, -0.00025
i_cell0-7560, 0.02375, 0.00025, i_cell1-1410, 0.02375, -0.00025
i_cell0-7590, 0.02325, 0.00025, i_cell1-1380, 0.02325, -0.00025
i_cell0-7620, 0.02275, 0.00025, i_cell1-1350, 0.02275, -0.00025
i_cell0-7650, 0.02225, 0.00025, i_cell1-1320, 0.02225, -0.00025
i_cell0-7680, 0.02175, 0.00025, i_cell1-1290, 0.02175, -0.00025
i_cell0-7710, 0.02125, 0.00025, i_cell1-1260, 0.02125, -0.00025
i_cell0-7740, 0.02075, 0.00025, i_cell1-1230, 0.02075, -0.00025
i_cell0-7770, 0.02025, 0.00025, i_cell1-1200, 0.02025, -0.00025
i_cell0-7800, 0.01975, 0.00025, i_cell1-1170, 0.01975, -0.00025
i_cell0-7830, 0.01925, 0.00025, i_cell1-1140, 0.01925, -0.00025
i_cell0-7860, 0.01875, 0.00025, i_cell1-1110, 0.01875, -0.00025
i_cell0-7890, 0.01825, 0.00025, i_cell1-1080, 0.01825, -0.00025
i_cell0-7920, 0.01775, 0.00025, i_cell1-1050, 0.01775, -0.00025
i_cell0-7950, 0.01725, 0.00025, i_cell1-1020, 0.01725, -0.00025
i_cell0-7980, 0.01675, 0.00025, i_cell1-990, 0.01675, -0.00025
i_cell0-8010, 0.01625, 0.00025, i_cell1-960, 0.01625, -0.00025
i_cell0-8040, 0.01575, 0.00025, i_cell1-930, 0.01575, -0.00025
i_cell0-8070, 0.01525, 0.00025, i_cell1-900, 0.01525, -0.00025
i_cell0-8100, 0.01475, 0.00025, i_cell1-870, 0.01475, -0.00025
i_cell0-8130, 0.01425, 0.00025, i_cell1-840, 0.01425, -0.00025
i_cell0-8160, 0.01375, 0.00025, i_cell1-810, 0.01375, -0.00025
i_cell0-8190, 0.01325, 0.00025, i_cell1-780, 0.01325, -0.00025
i_cell0-8220, 0.01275, 0.00025, i_cell1-750, 0.01275, -0.00025
i_cell0-8250, 0.01225, 0.00025, i_cell1-720, 0.01225, -0.00025
i_cell0-8280, 0.01175, 0.00025, i_cell1-690, 0.01175, -0.00025
i_cell0-8310, 0.01125, 0.00025, i_cell1-660, 0.01125, -0.00025
i_cell0-8340, 0.01075, 0.00025, i_cell1-630, 0.01075, -0.00025
i_cell0-8370, 0.01025, 0.00025, i_cell1-600, 0.01025, -0.00025
i_cell0-8400, 0.00975, 0.00025, i_cell1-570, 0.00975, -0.00025
i_cell0-8430, 0.00925, 0.00025, i_cell1-540, 0.00925, -0.00025
i_cell0-8460, 0.00875, 0.00025, i_cell1-510, 0.00875, -0.00025
i_cell0-8490, 0.00825, 0.00025, i_cell1-480, 0.00825, -0.00025
i_cell0-8520, 0.00775, 0.00025, i_cell1-450, 0.00775, -0.00025
i_cell0-8550, 0.00725, 0.00025, i_cell1-420, 0.00725, -0.00025
i_cell0-8580, 0.00675, 0.00025, i_cell1-390, 0.00675, -0.00025
i_cell0-8610, 0.00625, 0.00025, i_cell1-360, 0.00625, -0.00025
i_cell0-8640, 0.00575, 0.00025, i_cell1-330, 0.00575, -0.00025
i_cell0-8670, 0.00525, 0.00025, i_cell1-300, 0.00525, -0.00025
i_cell0-8700, 0.00475, 0.00025, i_cell1-270, 0.00475, -0.00025
i_cell0-8730, 0.00425, 0.00025, i_cell1-240, 0.00425, -0.00025
i_cell0-8760, 0.00375, 0.00025, i_cell1-210, 0.00375, -0.00025
i_cell0-8790, 0.00325, 0.00025, i_cell1-180, 0.00325, -0.00025
i_cell0-8820, 0.00275, 0.00025, i_cell1-150, 0.00275, -0.00025
i_cell0-8850, 0.00225, 0.00025, i_cell1-120, 0.00225, -0.00025
i_cell0-8880, 0.00175, 0.00025, i_cell1-90, 0.00175, -0.00025
i_cell0-8910, 0.00125, 0.00025, i_cell1-60, 0.00125, -0.00025
i_cell0-8940, 0.00075, 0.00025, i_cell1-30, 0.00075, -0.00025
i_cell0-8970, 0.00025, 0.00025, i_cell1-0, 0.00025, -0.00025
